<?xml version="1.0" encoding="UTF-8"?>
<!-- Generated by org.testng.reporters.JUnitXMLReporter -->
<testsuite hostname="BDC6-DX-3R25N62" ignored="0" name="Default test" tests="4" failures="0" timestamp="23 Apr 2019 09:14:12 GMT" time="19.331" errors="0">
  <testcase name="testRegister" time="2.502" classname="seleniumWDproject.TestMeAppRegister"/>
  <testcase name="TestLogin" time="0.431" classname="seleniumWDproject.TestMeAppRegister"/>
  <testcase name="testCart" time="4.31" classname="seleniumWDproject.TestMeAppRegister"/>
  <testcase name="testPayment" time="1.81" classname="seleniumWDproject.TestMeAppRegister"/>
</testsuite> <!-- Default test -->
